2015-06-12 17:37:04:928128 # Thread 5380 : Start file : AmortisseurA00.ppm
2015-06-12 17:37:04:931128 # Thread 7628 : Start file : AmortisseurA10.ppm
2015-06-12 17:37:04:933128 # Thread 5380 : Adding object (AmortisseurA00.ppm)to database...
2015-06-12 17:37:04:937128 # Thread 7628 : Adding object (AmortisseurA10.ppm)to database...
2015-06-12 17:37:04:940129 # Thread 5380 : Reading AmortisseurA00.ppm... 
2015-06-12 17:37:04:943129 # Thread 7628 : Reading AmortisseurA10.ppm... 
2015-06-12 17:37:04:983131 # Thread 5380 : Computing flux skeleton...
2015-06-12 17:37:04:989131 # Thread 7628 : Computing flux skeleton...
2015-06-12 17:37:11:630511 # Thread 5380 : Computation for (AmortisseurA ,  0) is over!
2015-06-12 17:37:11:769519 # Thread 7628 : Computation for (AmortisseurA ,  10) is over!
2015-02-24 17:01:13:631045 # Thread 3108 : Start file : AmortisseurA00.ppm
2015-02-24 17:01:13:631045 # Thread 3108 : Adding object (AmortisseurA00.ppm)to database...
2015-02-24 17:01:13:646674 # Thread 3108 : Reading AmortisseurA00.ppm... 
2015-02-24 17:01:13:646674 # Thread 3108 : Computing flux skeleton...
2015-02-24 17:01:13:851977 # Thread 3104 : Start file : AmortisseurA10.ppm
2015-02-24 17:01:13:851977 # Thread 3104 : Adding object (AmortisseurA10.ppm)to database...
2015-02-24 17:01:13:851977 # Thread 3104 : Reading AmortisseurA10.ppm... 
2015-02-24 17:01:13:851977 # Thread 3104 : Computing flux skeleton...
2015-02-24 17:01:31:907021 # Thread 3108 : Computation for (AmortisseurA ,  0) is over!
2015-02-24 17:01:31:923230 # Thread 3104 : Computation for (AmortisseurA ,  10) is over!
2015-02-24 17:01:53:278917 # Thread 3104 : DONE! (65 nodes)... 
2015-02-24 17:01:53:278917 # Thread 3104 : WRITTEN TO DB!
2015-02-24 17:01:53:278917 # Thread 3104 : Object (AmortisseurA10.ppm) has been added to database...
2015-02-24 17:01:53:372701 # Thread 3108 : DONE! (67 nodes)... 
2015-02-24 17:01:53:372701 # Thread 3108 : WRITTEN TO DB!
2015-02-24 17:01:53:372701 # Thread 3108 : Object (AmortisseurA00.ppm) has been added to database...
2015-02-24 17:13:43:505126 # Thread 2076 : Start file : AmortisseurA00.ppm
2015-02-24 17:13:43:520755 # Thread 2076 : Adding object (AmortisseurA00.ppm)to database...
2015-02-24 17:13:43:520755 # Thread 1592 : Start file : AmortisseurA10.ppm
2015-02-24 17:13:43:520755 # Thread 1592 : Adding object (AmortisseurA10.ppm)to database...
2015-02-24 17:13:43:536332 # Thread 2076 : Reading AmortisseurA00.ppm... 
2015-02-24 17:13:43:552007 # Thread 1592 : Reading AmortisseurA10.ppm... 
2015-02-24 17:13:43:552007 # Thread 1592 : Computing flux skeleton...
2015-02-24 17:13:43:567583 # Thread 2076 : Computing flux skeleton...
2015-02-24 17:13:44:222919 # Thread 2708 : Start file : AmortisseurA00.ppm
2015-02-24 17:13:44:222919 # Thread 2708 : Adding object (AmortisseurA00.ppm)to database...
2015-02-24 17:13:44:222919 # Thread 2708 : Reading AmortisseurA00.ppm... 
2015-02-24 17:13:44:238502 # Thread 2708 : Computing flux skeleton...
2015-02-24 17:13:44:457295 # Thread 2776 : Start file : AmortisseurA10.ppm
2015-02-24 17:13:44:457295 # Thread 2776 : Adding object (AmortisseurA10.ppm)to database...
2015-02-24 17:13:44:457295 # Thread 2776 : Reading AmortisseurA10.ppm... 
2015-02-24 17:13:44:457295 # Thread 2776 : Computing flux skeleton...
2015-02-24 17:13:59:129490 # Thread 1592 : Computation for (AmortisseurA ,  10) is over!
2015-02-24 17:13:59:129490 # Thread 2776 : Computation for (AmortisseurA ,  10) is over!
2015-02-24 17:13:59:145116 # Thread 2076 : Computation for (AmortisseurA ,  0) is over!
2015-02-24 17:14:19:957590 # Thread 1592 : DONE! (65 nodes)... 
2015-02-24 17:14:19:957590 # Thread 1592 : WRITTEN TO DB!
2015-02-24 17:14:19:957590 # Thread 1592 : Object (AmortisseurA10.ppm) has been added to database...
2015-02-24 17:14:20:535746 # Thread 2076 : DONE! (67 nodes)... 
2015-02-24 17:14:20:535746 # Thread 2076 : WRITTEN TO DB!
2015-02-24 17:14:20:535746 # Thread 2076 : Object (AmortisseurA00.ppm) has been added to database...
2015-02-24 17:14:55:995990 # Thread 3168 : Start file : AmortisseurA00.ppm
2015-02-24 17:14:55:995990 # Thread 3168 : Adding object (AmortisseurA00.ppm)to database...
2015-02-24 17:14:55:995990 # Thread 3168 : Reading AmortisseurA00.ppm... 
2015-02-24 17:14:56:011621 # Thread 3168 : Computing flux skeleton...
2015-02-24 17:14:56:165838 # Thread 3264 : Start file : AmortisseurA10.ppm
2015-02-24 17:14:56:165838 # Thread 3264 : Adding object (AmortisseurA10.ppm)to database...
2015-02-24 17:14:56:181423 # Thread 3264 : Reading AmortisseurA10.ppm... 
2015-02-24 17:14:56:181423 # Thread 3264 : Computing flux skeleton...
2015-02-24 17:14:56:806460 # Thread 2164 : Start file : AmortisseurA00.ppm
2015-02-24 17:14:56:806460 # Thread 2164 : Adding object (AmortisseurA00.ppm)to database...
2015-02-24 17:14:56:806460 # Thread 2164 : Reading AmortisseurA00.ppm... 
2015-02-24 17:14:56:822088 # Thread 2164 : Computing flux skeleton...
2015-02-24 17:14:57:040834 # Thread 368 : Start file : AmortisseurA10.ppm
2015-02-24 17:14:57:040834 # Thread 368 : Adding object (AmortisseurA10.ppm)to database...
2015-02-24 17:14:57:040834 # Thread 368 : Reading AmortisseurA10.ppm... 
2015-02-24 17:14:57:040834 # Thread 368 : Computing flux skeleton...
2015-02-24 17:15:04:256745 # Thread 3168 : Computation for (AmortisseurA ,  0) is over!
2015-02-24 17:15:10:506749 # Thread 368 : Computation for (AmortisseurA ,  10) is over!
2015-02-24 17:15:11:131748 # Thread 3264 : Computation for (AmortisseurA ,  10) is over!
2015-02-24 17:15:24:194251 # Thread 3168 : DONE! (67 nodes)... 
2015-02-24 17:15:24:194251 # Thread 3168 : WRITTEN TO DB!
2015-02-24 17:15:24:194251 # Thread 3168 : Object (AmortisseurA00.ppm) has been added to database...
2015-02-24 17:15:34:522898 # Thread 3392 : Start file : AmortisseurA00.ppm
2015-02-24 17:15:34:522898 # Thread 3392 : Adding object (AmortisseurA00.ppm)to database...
2015-02-24 17:15:34:522898 # Thread 3392 : Reading AmortisseurA00.ppm... 
2015-02-24 17:15:34:522898 # Thread 2996 : Start file : AmortisseurA10.ppm
2015-02-24 17:15:34:538501 # Thread 2996 : Adding object (AmortisseurA10.ppm)to database...
2015-02-24 17:15:34:538501 # Thread 2996 : Reading AmortisseurA10.ppm... 
2015-02-24 17:15:34:554155 # Thread 2996 : Computing flux skeleton...
2015-02-24 17:15:34:679155 # Thread 3392 : Computing flux skeleton...
2015-02-24 17:15:35:085771 # Thread 1420 : Start file : AmortisseurA00.ppm
2015-02-24 17:15:35:085771 # Thread 1420 : Adding object (AmortisseurA00.ppm)to database...
2015-02-24 17:15:35:085771 # Thread 1420 : Reading AmortisseurA00.ppm... 
2015-02-24 17:15:35:101398 # Thread 1420 : Computing flux skeleton...
2015-02-24 17:15:35:320144 # Thread 3748 : Start file : AmortisseurA10.ppm
2015-02-24 17:15:35:320144 # Thread 3748 : Adding object (AmortisseurA10.ppm)to database...
2015-02-24 17:15:35:320144 # Thread 3748 : Reading AmortisseurA10.ppm... 
2015-02-24 17:15:41:798337 # Thread 3392 : Computation for (AmortisseurA ,  0) is over!
2015-02-24 17:15:41:798337 # Thread 3748 : Computing flux skeleton...
2015-02-24 17:15:49:485818 # Thread 3748 : Computation for (AmortisseurA ,  10) is over!
2015-02-24 17:15:49:876467 # Thread 2996 : Computation for (AmortisseurA ,  10) is over!
2015-02-24 17:15:50:017089 # Thread 1420 : Computation for (AmortisseurA ,  0) is over!
2015-02-24 17:16:49:584624 # Thread 2784 : Start file : AmortisseurA00.ppm
2015-02-24 17:16:49:600229 # Thread 2784 : Adding object (AmortisseurA00.ppm)to database...
2015-02-24 17:16:49:600229 # Thread 2784 : Reading AmortisseurA00.ppm... 
2015-02-24 17:16:49:615831 # Thread 2784 : Computing flux skeleton...
2015-02-24 17:16:49:631507 # Thread 1916 : Start file : AmortisseurA10.ppm
2015-02-24 17:16:49:776239 # Thread 1916 : Adding object (AmortisseurA10.ppm)to database...
2015-02-24 17:16:49:791891 # Thread 1916 : Reading AmortisseurA10.ppm... 
2015-02-24 17:16:49:791891 # Thread 1916 : Computing flux skeleton...
2015-02-24 17:16:50:245040 # Thread 3416 : Start file : AmortisseurA00.ppm
2015-02-24 17:16:50:245040 # Thread 3416 : Adding object (AmortisseurA00.ppm)to database...
2015-02-24 17:16:50:260666 # Thread 3372 : Start file : AmortisseurA10.ppm
2015-02-24 17:16:50:260666 # Thread 3372 : Adding object (AmortisseurA10.ppm)to database...
2015-02-24 17:16:50:260666 # Thread 3372 : Reading AmortisseurA10.ppm... 
2015-02-24 17:16:50:307539 # Thread 3372 : Computing flux skeleton...
2015-02-24 17:16:50:510664 # Thread 3416 : Reading AmortisseurA00.ppm... 
2015-02-24 17:16:50:510664 # Thread 3416 : Computing flux skeleton...
2015-02-24 17:17:01:693712 # Thread 1916 : Computation for (AmortisseurA ,  10) is over!
2015-02-24 17:17:02:568732 # Thread 2784 : Computation for (AmortisseurA ,  0) is over!
2015-02-24 17:17:05:365608 # Thread 3372 : Computation for (AmortisseurA ,  10) is over!
2015-02-24 17:17:05:381231 # Thread 3416 : Computation for (AmortisseurA ,  0) is over!
2015-02-24 17:17:23:115613 # Thread 1916 : DONE! (65 nodes)... 
2015-02-24 17:17:23:131199 # Thread 1916 : WRITTEN TO DB!
2015-02-24 17:17:23:131199 # Thread 1916 : Object (AmortisseurA10.ppm) has been added to database...
2015-02-24 17:17:23:428113 # Thread 2784 : DONE! (67 nodes)... 
2015-02-24 17:17:23:428113 # Thread 2784 : WRITTEN TO DB!
2015-02-24 17:17:23:428113 # Thread 2784 : Object (AmortisseurA00.ppm) has been added to database...
2015-02-24 17:17:35:117450 # Thread 3976 : Start file : AmortisseurA00.ppm
2015-02-24 17:17:35:117450 # Thread 3976 : Adding object (AmortisseurA00.ppm)to database...
2015-02-24 17:17:35:117450 # Thread 3976 : Reading AmortisseurA00.ppm... 
2015-02-24 17:17:35:117450 # Thread 3312 : Start file : AmortisseurA10.ppm
2015-02-24 17:17:35:117450 # Thread 3312 : Adding object (AmortisseurA10.ppm)to database...
2015-02-24 17:17:35:133081 # Thread 3312 : Reading AmortisseurA10.ppm... 
2015-02-24 17:17:35:133081 # Thread 3312 : Computing flux skeleton...
2015-02-24 17:17:35:273707 # Thread 3976 : Computing flux skeleton...
2015-02-24 17:17:35:889029 # Thread 2180 : Start file : AmortisseurA00.ppm
2015-02-24 17:17:35:904657 # Thread 2180 : Adding object (AmortisseurA00.ppm)to database...
2015-02-24 17:17:35:904657 # Thread 2180 : Reading AmortisseurA00.ppm... 
2015-02-24 17:17:35:904657 # Thread 2180 : Computing flux skeleton...
2015-02-24 17:17:36:107780 # Thread 2648 : Start file : AmortisseurA10.ppm
2015-02-24 17:17:36:107780 # Thread 2648 : Adding object (AmortisseurA10.ppm)to database...
2015-02-24 17:17:36:107780 # Thread 2648 : Reading AmortisseurA10.ppm... 
2015-02-24 17:17:36:107780 # Thread 2648 : Computing flux skeleton...
2015-02-24 17:17:40:771442 # Thread 3312 : Computation for (AmortisseurA ,  10) is over!
2015-02-24 17:17:46:083959 # Thread 3976 : Computation for (AmortisseurA ,  0) is over!
2015-02-24 17:17:49:255834 # Thread 2180 : Computation for (AmortisseurA ,  0) is over!
2015-02-24 17:17:49:427707 # Thread 2648 : Computation for (AmortisseurA ,  10) is over!
2015-02-24 17:17:57:865210 # Thread 3312 : DONE! (65 nodes)... 
2015-02-24 17:17:57:880841 # Thread 3312 : WRITTEN TO DB!
2015-02-24 17:17:57:880841 # Thread 3312 : Object (AmortisseurA10.ppm) has been added to database...
2015-02-24 17:18:09:584757 # Thread 2300 : Start file : AmortisseurA00.ppm
2015-02-24 17:18:09:584757 # Thread 2300 : Adding object (AmortisseurA00.ppm)to database...
2015-02-24 17:18:09:584757 # Thread 2300 : Reading AmortisseurA00.ppm... 
2015-02-24 17:18:09:600382 # Thread 2300 : Computing flux skeleton...
2015-02-24 17:18:09:631620 # Thread 1316 : Start file : AmortisseurA10.ppm
2015-02-24 17:18:09:764602 # Thread 1316 : Adding object (AmortisseurA10.ppm)to database...
2015-02-24 17:18:09:764602 # Thread 1316 : Reading AmortisseurA10.ppm... 
2015-02-24 17:18:09:780227 # Thread 1316 : Computing flux skeleton...
2015-02-24 17:18:10:061475 # Thread 1708 : Start file : AmortisseurA00.ppm
2015-02-24 17:18:10:061475 # Thread 1708 : Adding object (AmortisseurA00.ppm)to database...
2015-02-24 17:18:10:061475 # Thread 1708 : Reading AmortisseurA00.ppm... 
2015-02-24 17:18:10:077102 # Thread 1708 : Computing flux skeleton...
2015-02-24 17:18:10:280225 # Thread 776 : Start file : AmortisseurA10.ppm
2015-02-24 17:18:10:280225 # Thread 776 : Adding object (AmortisseurA10.ppm)to database...
2015-02-24 17:18:10:280225 # Thread 776 : Reading AmortisseurA10.ppm... 
2015-02-24 17:18:10:280225 # Thread 776 : Computing flux skeleton...
2015-02-24 17:18:16:985921 # Thread 1316 : Computation for (AmortisseurA ,  10) is over!
2015-02-24 17:18:23:626548 # Thread 776 : Computation for (AmortisseurA ,  10) is over!
2015-02-24 17:18:24:892173 # Thread 1708 : Computation for (AmortisseurA ,  0) is over!
2015-02-24 17:18:25:439049 # Thread 2300 : Computation for (AmortisseurA ,  0) is over!
2015-02-24 17:18:36:126549 # Thread 1316 : DONE! (65 nodes)... 
2015-02-24 17:18:36:126549 # Thread 1316 : WRITTEN TO DB!
2015-02-24 17:18:36:126549 # Thread 1316 : Object (AmortisseurA10.ppm) has been added to database...
2015-02-24 17:18:44:064053 # Thread 2300 : DONE! (67 nodes)... 
2015-02-24 17:18:44:064053 # Thread 2300 : WRITTEN TO DB!
2015-02-24 17:18:44:064053 # Thread 2300 : Object (AmortisseurA00.ppm) has been added to database...
2015-02-24 17:18:55:602319 # Thread 3912 : Start file : AmortisseurA00.ppm
2015-02-24 17:18:55:602319 # Thread 3912 : Adding object (AmortisseurA00.ppm)to database...
2015-02-24 17:18:55:617900 # Thread 3912 : Reading AmortisseurA00.ppm... 
2015-02-24 17:18:55:617900 # Thread 3912 : Computing flux skeleton...
2015-02-24 17:18:55:649200 # Thread 2804 : Start file : AmortisseurA10.ppm
2015-02-24 17:18:55:784593 # Thread 2804 : Adding object (AmortisseurA10.ppm)to database...
2015-02-24 17:18:55:784593 # Thread 2804 : Reading AmortisseurA10.ppm... 
2015-02-24 17:18:55:800230 # Thread 2804 : Computing flux skeleton...
2015-02-24 17:18:56:315877 # Thread 3880 : Start file : AmortisseurA00.ppm
2015-02-24 17:18:56:315877 # Thread 3880 : Adding object (AmortisseurA00.ppm)to database...
2015-02-24 17:18:56:315877 # Thread 3880 : Reading AmortisseurA00.ppm... 
2015-02-24 17:18:56:315877 # Thread 3880 : Computing flux skeleton...
2015-02-24 17:18:56:519001 # Thread 3804 : Start file : AmortisseurA10.ppm
2015-02-24 17:18:56:519001 # Thread 3804 : Adding object (AmortisseurA10.ppm)to database...
2015-02-24 17:18:56:519001 # Thread 3804 : Reading AmortisseurA10.ppm... 
2015-02-24 17:18:56:519001 # Thread 3804 : Computing flux skeleton...
2015-02-24 17:19:04:335217 # Thread 2804 : Computation for (AmortisseurA ,  10) is over!
2015-02-24 17:19:08:366441 # Thread 3912 : Computation for (AmortisseurA ,  0) is over!
2015-02-24 17:19:11:210194 # Thread 3880 : Computation for (AmortisseurA ,  0) is over!
2015-02-24 17:23:33:744269 # Thread 1072 : Start file : AmortisseurA00.ppm
2015-02-24 17:23:33:744269 # Thread 1072 : Adding object (AmortisseurA00.ppm)to database...
2015-02-24 17:23:33:744269 # Thread 1072 : Reading AmortisseurA00.ppm... 
2015-02-24 17:23:33:744269 # Thread 3476 : Start file : AmortisseurA10.ppm
2015-02-24 17:23:33:759899 # Thread 3476 : Adding object (AmortisseurA10.ppm)to database...
2015-02-24 17:23:33:759899 # Thread 3476 : Reading AmortisseurA10.ppm... 
2015-02-24 17:23:33:775525 # Thread 3476 : Computing flux skeleton...
2015-02-24 17:23:33:900527 # Thread 1072 : Computing flux skeleton...
2015-02-24 17:23:34:309568 # Thread 3888 : Start file : AmortisseurA00.ppm
2015-02-24 17:23:34:309568 # Thread 3888 : Adding object (AmortisseurA00.ppm)to database...
2015-02-24 17:23:34:309568 # Thread 3888 : Reading AmortisseurA00.ppm... 
2015-02-24 17:23:34:325195 # Thread 3888 : Computing flux skeleton...
2015-02-24 17:23:34:528317 # Thread 3884 : Start file : AmortisseurA10.ppm
2015-02-24 17:23:34:528317 # Thread 3884 : Adding object (AmortisseurA10.ppm)to database...
2015-02-24 17:23:34:528317 # Thread 3884 : Reading AmortisseurA10.ppm... 
2015-02-24 17:23:34:528317 # Thread 3884 : Computing flux skeleton...
2015-02-24 17:23:42:463623 # Thread 1072 : Computation for (AmortisseurA ,  0) is over!
2015-02-24 17:23:46:338624 # Thread 3476 : Computation for (AmortisseurA ,  10) is over!
2015-02-24 17:23:48:541750 # Thread 3888 : Computation for (AmortisseurA ,  0) is over!
2015-02-24 17:23:48:713627 # Thread 3884 : Computation for (AmortisseurA ,  10) is over!
2015-02-24 17:24:02:244878 # Thread 1072 : DONE! (67 nodes)... 
2015-02-24 17:24:02:244878 # Thread 1072 : WRITTEN TO DB!
2015-02-24 17:24:02:244878 # Thread 1072 : Object (AmortisseurA00.ppm) has been added to database...
2015-02-24 17:24:05:338631 # Thread 3476 : DONE! (65 nodes)... 
2015-02-24 17:24:05:338631 # Thread 3476 : WRITTEN TO DB!
2015-02-24 17:24:05:338631 # Thread 3476 : Object (AmortisseurA10.ppm) has been added to database...
2015-02-24 17:24:59:285638 # Thread 2068 : Start file : AmortisseurA00.ppm
2015-02-24 17:24:59:285638 # Thread 2068 : Adding object (AmortisseurA00.ppm)to database...
2015-02-24 17:24:59:285638 # Thread 2068 : Reading AmortisseurA00.ppm... 
2015-02-24 17:24:59:301246 # Thread 2068 : Computing flux skeleton...
2015-02-24 17:24:59:454926 # Thread 2564 : Start file : AmortisseurA10.ppm
2015-02-24 17:24:59:454926 # Thread 2564 : Adding object (AmortisseurA10.ppm)to database...
2015-02-24 17:24:59:470544 # Thread 2564 : Reading AmortisseurA10.ppm... 
2015-02-24 17:24:59:470544 # Thread 2564 : Computing flux skeleton...
2015-02-24 17:24:59:783049 # Thread 2776 : Start file : AmortisseurA00.ppm
2015-02-24 17:24:59:783049 # Thread 2776 : Adding object (AmortisseurA00.ppm)to database...
2015-02-24 17:24:59:783049 # Thread 2776 : Reading AmortisseurA00.ppm... 
2015-02-24 17:24:59:783049 # Thread 2776 : Computing flux skeleton...
2015-02-24 17:24:59:986172 # Thread 2708 : Start file : AmortisseurA10.ppm
2015-02-24 17:24:59:986172 # Thread 2708 : Adding object (AmortisseurA10.ppm)to database...
2015-02-24 17:24:59:986172 # Thread 2708 : Reading AmortisseurA10.ppm... 
2015-02-24 17:24:59:986172 # Thread 2708 : Computing flux skeleton...
2015-02-24 17:25:05:978862 # Thread 2564 : Computation for (AmortisseurA ,  10) is over!
2015-02-24 17:25:11:510113 # Thread 2708 : Computation for (AmortisseurA ,  10) is over!
2015-02-24 17:25:13:510114 # Thread 2068 : Computation for (AmortisseurA ,  0) is over!
2015-02-24 17:25:25:525701 # Thread 2564 : DONE! (65 nodes)... 
2015-02-24 17:25:25:525701 # Thread 2564 : WRITTEN TO DB!
2015-02-24 17:25:25:525701 # Thread 2564 : Object (AmortisseurA10.ppm) has been added to database...
2015-02-24 17:25:32:588244 # Thread 2068 : DONE! (67 nodes)... 
2015-02-24 17:25:32:603835 # Thread 2068 : WRITTEN TO DB!
2015-02-24 17:25:32:603835 # Thread 2068 : Object (AmortisseurA00.ppm) has been added to database...
2015-02-24 17:27:51:906111 # Thread 2080 : Start file : AmortisseurA00.ppm
2015-02-24 17:27:51:906111 # Thread 2080 : Adding object (AmortisseurA00.ppm)to database...
2015-02-24 17:27:51:906111 # Thread 2080 : Reading AmortisseurA00.ppm... 
2015-02-24 17:27:51:906111 # Thread 2080 : Computing flux skeleton...
2015-02-24 17:27:51:906111 # Thread 1528 : Start file : AmortisseurA10.ppm
2015-02-24 17:27:51:906111 # Thread 1528 : Adding object (AmortisseurA10.ppm)to database...
2015-02-24 17:27:51:906111 # Thread 1528 : Reading AmortisseurA10.ppm... 
2015-02-24 17:27:51:906111 # Thread 1528 : Computing flux skeleton...
2015-02-24 17:27:52:888914 # Thread 348 : Start file : AmortisseurA00.ppm
2015-02-24 17:27:52:888914 # Thread 348 : Adding object (AmortisseurA00.ppm)to database...
2015-02-24 17:27:52:888914 # Thread 348 : Reading AmortisseurA00.ppm... 
2015-02-24 17:27:52:888914 # Thread 348 : Computing flux skeleton...
2015-02-24 17:27:52:920163 # Thread 3216 : Start file : AmortisseurA10.ppm
2015-02-24 17:27:52:920163 # Thread 3216 : Adding object (AmortisseurA10.ppm)to database...
2015-02-24 17:27:52:920163 # Thread 3216 : Reading AmortisseurA10.ppm... 
2015-02-24 17:27:52:920163 # Thread 3216 : Computing flux skeleton...
2015-02-24 17:28:02:749335 # Thread 3216 : Computation for (AmortisseurA ,  10) is over!
2015-02-24 17:28:06:358711 # Thread 2080 : Computation for (AmortisseurA ,  0) is over!
2015-02-24 17:28:07:436837 # Thread 348 : Computation for (AmortisseurA ,  0) is over!
2015-02-24 17:28:07:796212 # Thread 1528 : Computation for (AmortisseurA ,  10) is over!
2015-02-24 17:41:51:092112 # Thread 776 : Start file : AmortisseurA00.ppm
2015-02-24 17:41:51:092112 # Thread 776 : Adding object (AmortisseurA00.ppm)to database...
2015-02-24 17:41:51:092112 # Thread 1600 : Start file : AmortisseurA10.ppm
2015-02-24 17:41:51:092112 # Thread 1600 : Adding object (AmortisseurA10.ppm)to database...
2015-02-24 17:41:51:092112 # Thread 776 : Reading AmortisseurA00.ppm... 
2015-02-24 17:41:51:092112 # Thread 1600 : Reading AmortisseurA10.ppm... 
2015-02-24 17:41:51:092112 # Thread 776 : Computing flux skeleton...
2015-02-24 17:41:51:092112 # Thread 1600 : Computing flux skeleton...
2015-06-12 18:41:58:396723 # Thread 776 : Computation for (AmortisseurA ,  0) is over!
2015-06-12 18:41:58:615469 # Thread 1600 : Computation for (AmortisseurA ,  10) is over!
2015-06-12 18:42:18:881101 # Thread 1600 : DONE! (65 nodes)... 
2015-06-12 18:42:18:881101 # Thread 1600 : WRITTEN TO DB!
2015-06-12 18:42:18:881101 # Thread 1600 : Object (AmortisseurA10.ppm) has been added to database...
2015-06-12 18:42:19:099853 # Thread 776 : DONE! (67 nodes)... 
2015-06-12 18:42:19:099853 # Thread 776 : WRITTEN TO DB!
2015-06-12 18:42:19:099853 # Thread 776 : Object (AmortisseurA00.ppm) has been added to database...
2015-02-24 17:43:17:370904 # Thread 3940 : Start file : AmortisseurA00.ppm
2015-02-24 17:43:17:370904 # Thread 3940 : Adding object (AmortisseurA00.ppm)to database...
2015-02-24 17:43:17:370904 # Thread 1608 : Start file : AmortisseurA10.ppm
2015-02-24 17:43:17:370904 # Thread 1608 : Adding object (AmortisseurA10.ppm)to database...
2015-02-24 17:43:17:370904 # Thread 3940 : Reading AmortisseurA00.ppm... 
2015-02-24 17:43:17:370904 # Thread 1608 : Reading AmortisseurA10.ppm... 
2015-02-24 17:43:17:386532 # Thread 3940 : Computing flux skeleton...
2015-02-24 17:43:17:386532 # Thread 1608 : Computing flux skeleton...
2015-06-12 18:43:24:692678 # Thread 3940 : Computation for (AmortisseurA ,  0) is over!
2015-06-12 18:43:24:786429 # Thread 1608 : Computation for (AmortisseurA ,  10) is over!
2015-06-12 18:43:44:989558 # Thread 1608 : DONE! (65 nodes)... 
2015-06-12 18:43:44:989558 # Thread 1608 : WRITTEN TO DB!
2015-06-12 18:43:44:989558 # Thread 1608 : Object (AmortisseurA10.ppm) has been added to database...
2015-06-12 18:43:45:208308 # Thread 3940 : DONE! (67 nodes)... 
2015-06-12 18:43:45:208308 # Thread 3940 : WRITTEN TO DB!
2015-06-12 18:43:45:208308 # Thread 3940 : Object (AmortisseurA00.ppm) has been added to database...
2015-02-24 18:01:06:072555 # Thread 3888 : Start file : AmortisseurA00.ppm
2015-02-24 18:01:06:072555 # Thread 3888 : Adding object (AmortisseurA00.ppm)to database...
2015-02-24 18:01:06:072555 # Thread 3888 : Reading AmortisseurA00.ppm... 
2015-02-24 18:01:06:072555 # Thread 3888 : Computing flux skeleton...
2015-02-24 18:01:06:197553 # Thread 3484 : Start file : AmortisseurA10.ppm
2015-02-24 18:01:06:197553 # Thread 3484 : Adding object (AmortisseurA10.ppm)to database...
2015-02-24 18:01:06:197553 # Thread 3484 : Reading AmortisseurA10.ppm... 
2015-02-24 18:01:06:197553 # Thread 3484 : Computing flux skeleton...
2015-06-12 19:15:30:640555 # Thread 156 : Start file : AmortisseurA00.ppm
2015-06-12 19:15:30:640555 # Thread 156 : Adding object (AmortisseurA00.ppm)to database...
2015-06-12 19:15:30:640555 # Thread 156 : Reading AmortisseurA00.ppm... 
2015-06-12 19:15:30:656183 # Thread 156 : Computing flux skeleton...
2015-06-12 19:15:34:984310 # Thread 156 : Computation for (AmortisseurA ,  0) is over!
2015-06-12 19:15:51:921813 # Thread 156 : DONE! (67 nodes)... 
2015-06-12 19:15:51:921813 # Thread 156 : WRITTEN TO DB!
2015-06-12 19:15:51:937422 # Thread 156 : Object (AmortisseurA00.ppm) has been added to database...
2015-06-12 19:15:53:171813 # Thread 2692 : Start file : AmortisseurA00.ppm
2015-06-12 19:15:53:171813 # Thread 2692 : Adding object (AmortisseurA00.ppm)to database...
2015-06-12 19:15:53:171813 # Thread 2692 : Reading AmortisseurA00.ppm... 
2015-06-12 19:15:53:171813 # Thread 2692 : Computing flux skeleton...
2015-06-12 19:15:57:421823 # Thread 2692 : Computation for (AmortisseurA ,  0) is over!
2015-06-12 19:16:32:327422 # Thread 3820 : Start file : AmortisseurA00.ppm
2015-06-12 19:16:32:327422 # Thread 3820 : Adding object (AmortisseurA00.ppm)to database...
2015-06-12 19:16:32:327422 # Thread 3820 : Reading AmortisseurA00.ppm... 
2015-06-12 19:16:32:327422 # Thread 3820 : Computing flux skeleton...
2015-06-12 19:16:36:968052 # Thread 3820 : Computation for (AmortisseurA ,  0) is over!
2015-06-12 19:19:25:388140 # Thread 1256 : Start file : AmortisseurA00.ppm
2015-06-12 19:19:25:388140 # Thread 1256 : Adding object (AmortisseurA00.ppm)to database...
2015-06-12 19:19:25:388140 # Thread 1256 : Reading AmortisseurA00.ppm... 
2015-06-12 19:19:25:388140 # Thread 1256 : Computing flux skeleton...
2015-06-12 19:19:29:419396 # Thread 1924 : Start file : AmortisseurA10.ppm
2015-06-12 19:19:29:419396 # Thread 1924 : Adding object (AmortisseurA10.ppm)to database...
2015-06-12 19:19:29:419396 # Thread 1924 : Reading AmortisseurA10.ppm... 
2015-06-12 19:19:29:419396 # Thread 1924 : Computing flux skeleton...
2015-06-12 19:19:29:888149 # Thread 1256 : Computation for (AmortisseurA ,  0) is over!
2015-06-12 19:19:34:372526 # Thread 1924 : Computation for (AmortisseurA ,  10) is over!
2015-06-12 19:19:49:669404 # Thread 1256 : DONE! (67 nodes)... 
2015-06-12 19:19:49:669404 # Thread 1256 : WRITTEN TO DB!
2015-06-12 19:19:49:669404 # Thread 1256 : Object (AmortisseurA00.ppm) has been added to database...
2015-06-12 19:19:53:231905 # Thread 1924 : DONE! (65 nodes)... 
2015-06-12 19:19:53:231905 # Thread 1924 : WRITTEN TO DB!
2015-06-12 19:19:53:231905 # Thread 1924 : Object (AmortisseurA10.ppm) has been added to database...
